17/02/2015 20:21:37 devpinoyLogger Hello
17/02/2015 20:21:37 devpinoyLogger Properties loaded. Starting testing
17/02/2015 20:21:37 devpinoyLogger Intialize Suite xlsx
17/02/2015 20:21:37 devpinoyLogger CreateAccount -- N
17/02/2015 20:21:37 devpinoyLogger SignIn -- N
17/02/2015 20:21:37 devpinoyLogger Home_Page -- N
17/02/2015 20:21:37 devpinoyLogger MyProfile -- N
17/02/2015 20:21:37 devpinoyLogger Dashboard_Page -- N
17/02/2015 20:21:37 devpinoyLogger RightHandPanel -- N
17/02/2015 20:21:37 devpinoyLogger LeftHandPanel -- N
17/02/2015 20:21:37 devpinoyLogger MyVehicles -- N
17/02/2015 20:21:37 devpinoyLogger MyMojios -- N
17/02/2015 20:21:37 devpinoyLogger ClaimMojio -- N
17/02/2015 20:21:37 devpinoyLogger BillingInformation -- N
17/02/2015 20:21:37 devpinoyLogger FAQ -- N
17/02/2015 20:21:37 devpinoyLogger Contact_Support -- N
17/02/2015 20:21:37 devpinoyLogger MojioShop -- N
17/02/2015 20:21:37 devpinoyLogger MyOrders -- N
17/02/2015 20:21:37 devpinoyLogger LocateVehicle -- N
17/02/2015 20:21:37 devpinoyLogger TripHistory -- N
17/02/2015 20:21:37 devpinoyLogger SendFeedback -- Y
17/02/2015 20:21:37 devpinoyLogger ******Executing the Suite******SendFeedback
17/02/2015 20:21:37 devpinoyLogger SignIn -- N
17/02/2015 20:21:37 devpinoyLogger NavigateContactSupport -- N
17/02/2015 20:21:37 devpinoyLogger EmailMojioSupport -- Y
17/02/2015 20:21:37 devpinoyLogger Executing the test case -> EmailMojioSupport
17/02/2015 20:21:37 devpinoyLogger Iteration number 1
17/02/2015 20:21:37 devpinoyLogger openBrowser
17/02/2015 20:21:37 devpinoyLogger Opening browser
17/02/2015 20:21:45 devpinoyLogger PASS
17/02/2015 20:21:45 devpinoyLogger navigate
17/02/2015 20:21:45 devpinoyLogger Navigating to URL
17/02/2015 20:21:56 devpinoyLogger PASS
17/02/2015 20:21:56 devpinoyLogger isTextPresent
17/02/2015 20:21:56 devpinoyLogger Verify if the text is present in page
17/02/2015 20:21:56 devpinoyLogger PASS
17/02/2015 20:21:56 devpinoyLogger writeInInput
17/02/2015 20:21:56 devpinoyLogger Write data in text box, text area
17/02/2015 20:21:57 devpinoyLogger PASS
17/02/2015 20:21:57 devpinoyLogger writeInInput
17/02/2015 20:21:57 devpinoyLogger Write data in text box, text area
17/02/2015 20:21:57 devpinoyLogger PASS
17/02/2015 20:21:57 devpinoyLogger clickByXpath
17/02/2015 20:21:57 devpinoyLogger Clicking using xpath attribute
17/02/2015 20:22:03 devpinoyLogger PASS
17/02/2015 20:22:03 devpinoyLogger isTextPresent
17/02/2015 20:22:03 devpinoyLogger Verify if the text is present in page
17/02/2015 20:22:03 devpinoyLogger PASS
17/02/2015 20:22:03 devpinoyLogger navigate
17/02/2015 20:22:03 devpinoyLogger Navigating to URL
17/02/2015 20:22:04 devpinoyLogger PASS
17/02/2015 20:22:04 devpinoyLogger clickByXpath
17/02/2015 20:22:04 devpinoyLogger Clicking using xpath attribute
17/02/2015 20:22:05 devpinoyLogger PASS
17/02/2015 20:22:05 devpinoyLogger isTextPresent
17/02/2015 20:22:05 devpinoyLogger Verify if the text is present in page
17/02/2015 20:22:05 devpinoyLogger PASS
17/02/2015 20:22:05 devpinoyLogger writeInInput
17/02/2015 20:22:05 devpinoyLogger Write data in text box, text area
17/02/2015 20:22:05 devpinoyLogger PASS
17/02/2015 20:22:05 devpinoyLogger writeInInput
17/02/2015 20:22:05 devpinoyLogger Write data in text box, text area
17/02/2015 20:22:06 devpinoyLogger PASS
17/02/2015 20:22:06 devpinoyLogger writeInInput
17/02/2015 20:22:06 devpinoyLogger Write data in text box, text area
17/02/2015 20:22:06 devpinoyLogger PASS
17/02/2015 20:22:06 devpinoyLogger writeInInput
17/02/2015 20:22:06 devpinoyLogger Write data in text box, text area
17/02/2015 20:22:06 devpinoyLogger PASS
17/02/2015 20:22:06 devpinoyLogger clickByID
17/02/2015 20:22:06 devpinoyLogger clicking using ID attribute
17/02/2015 20:22:08 devpinoyLogger PASS
17/02/2015 20:22:08 devpinoyLogger isTextPresent
17/02/2015 20:22:08 devpinoyLogger Verify if the text is present in page
17/02/2015 20:22:08 devpinoyLogger PASS
17/02/2015 20:22:08 devpinoyLogger closebrowser
17/02/2015 20:22:08 devpinoyLogger Closing the browser
17/02/2015 20:22:08 devpinoyLogger PASS
17/02/2015 20:22:09 devpinoyLogger InvalidEmail -- N
17/02/2015 20:22:09 devpinoyLogger NameEmpty -- N
17/02/2015 20:22:09 devpinoyLogger EmailEmpty -- N
17/02/2015 20:22:09 devpinoyLogger SubjectEmpty -- N
17/02/2015 20:22:09 devpinoyLogger MessageEmpty -- N
17/02/2015 20:22:09 devpinoyLogger AllFieldsEmpty -- N
17/02/2015 20:22:09 devpinoyLogger Settings -- N
17/02/2015 20:22:09 devpinoyLogger AdminSearch -- N
17/02/2015 20:22:09 devpinoyLogger AdminDashboard -- N
17/02/2015 20:22:09 devpinoyLogger ReplayEvent -- N
17/02/2015 20:22:09 devpinoyLogger ReplayReport -- N
17/02/2015 20:22:09 devpinoyLogger ImportSIMs -- N
17/02/2015 20:22:09 devpinoyLogger ImportMojio -- N
17/02/2015 20:22:09 devpinoyLogger ExportEvents -- N
17/02/2015 20:22:09 devpinoyLogger DeviceManager -- N
